<?xml version="1.0" encoding="UTF-8"?>
<!-- Generated by org.testng.reporters.JUnitReportReporter -->
<testsuite skipped="0" hostname="Ali" name="com.employeeapi.testcases.TC001_Get_All_Employees" tests="9" failures="0" timestamp="2022-09-24T18:19:43 EDT" time="0.020" errors="0">
  <testcase name="checkResponseTime" time="0.001" classname="com.employeeapi.testcases.TC001_Get_All_Employees"/>
  <system-out/>
  <testcase name="checkContentLength" time="0.002" classname="com.employeeapi.testcases.TC001_Get_All_Employees"/>
  <system-out/>
  <testcase name="checkStatusLine" time="0.000" classname="com.employeeapi.testcases.TC001_Get_All_Employees"/>
  <system-out/>
  <testcase name="checkResponseBody" time="0.010" classname="com.employeeapi.testcases.TC001_Get_All_Employees"/>
  <system-out/>
  <testcase name="checkContentEncoding" time="0.004" classname="com.employeeapi.testcases.TC001_Get_All_Employees"/>
  <system-out/>
  <testcase name="checkCookies" time="0.001" classname="com.employeeapi.testcases.TC001_Get_All_Employees"/>
  <system-out/>
  <testcase name="checkServerType" time="0.001" classname="com.employeeapi.testcases.TC001_Get_All_Employees"/>
  <system-out/>
  <testcase name="checkContentType" time="0.000" classname="com.employeeapi.testcases.TC001_Get_All_Employees"/>
  <system-out/>
  <testcase name="checkStatusCode" time="0.001" classname="com.employeeapi.testcases.TC001_Get_All_Employees"/>
  <system-out/>
</testsuite> <!-- com.employeeapi.testcases.TC001_Get_All_Employees -->
