<?xml version="1.0" encoding="UTF-8"?>
<!-- Generated by org.testng.reporters.JUnitReportReporter -->
<testsuite skipped="0" hostname="Ali" name="com.employeeapi.testcases.TC005_Delete_Employee_Record" tests="2" failures="0" timestamp="2022-09-24T18:19:43 EDT" time="0.003" errors="0">
  <testcase name="checkStatusCode" time="0.001" classname="com.employeeapi.testcases.TC005_Delete_Employee_Record"/>
  <system-out/>
  <testcase name="checkResponseBody" time="0.002" classname="com.employeeapi.testcases.TC005_Delete_Employee_Record"/>
  <system-out/>
</testsuite> <!-- com.employeeapi.testcases.TC005_Delete_Employee_Record -->
