<?xml version="1.0" encoding="UTF-8"?>
<!-- Generated by org.testng.reporters.JUnitReportReporter -->
<testsuite skipped="0" hostname="Ali" name="com.datadriventest.DataProvider_NewEntry_HardCodedAtDataProcviderLevel" tests="3" failures="0" timestamp="2022-09-22T13:28:33 EDT" time="2.933" errors="0">
  <testcase name="postNewEntry" time="0.365" classname="com.datadriventest.DataProvider_NewEntry_HardCodedAtDataProcviderLevel"/>
  <system-out/>
  <testcase name="postNewEntry" time="2.219" classname="com.datadriventest.DataProvider_NewEntry_HardCodedAtDataProcviderLevel"/>
  <system-out/>
  <testcase name="postNewEntry" time="0.349" classname="com.datadriventest.DataProvider_NewEntry_HardCodedAtDataProcviderLevel"/>
  <system-out/>
</testsuite> <!-- com.datadriventest.DataProvider_NewEntry_HardCodedAtDataProcviderLevel -->
