<?xml version="1.0" encoding="UTF-8"?>
<!-- Generated by org.testng.reporters.JUnitReportReporter -->
<testsuite skipped="0" hostname="Ali" name="first.api.test.PostRequest" tests="1" failures="0" timestamp="2022-09-10T18:25:41 EDT" time="2.503" errors="0">
  <testcase name="registerNewUser" time="2.503" classname="first.api.test.PostRequest"/>
  <system-out/>
</testsuite> <!-- first.api.test.PostRequest -->
