<?xml version="1.0" encoding="UTF-8"?>
<!-- Generated by org.testng.reporters.JUnitReportReporter -->
<testsuite skipped="0" hostname="Ali" name="come.datadriventest.DataProvider_NewEntry2" tests="1" failures="0" timestamp="2022-09-11T11:11:15 EDT" time="2.509" errors="0">
  <testcase name="postNewEntry" time="2.509" classname="come.datadriventest.DataProvider_NewEntry2"/>
  <system-out/>
</testsuite> <!-- come.datadriventest.DataProvider_NewEntry2 -->
