<?xml version="1.0" encoding="UTF-8"?>
<!-- Generated by org.testng.reporters.JUnitReportReporter -->
<testsuite skipped="0" hostname="Ali" name="com.first.api.test.GetRequest" tests="1" failures="0" timestamp="2022-09-22T13:01:47 EDT" time="1.983" errors="0">
  <testcase name="getUserDetails" time="1.983" classname="com.first.api.test.GetRequest"/>
  <system-out/>
</testsuite> <!-- com.first.api.test.GetRequest -->
