<?xml version="1.0" encoding="UTF-8"?>
<!-- Generated by org.testng.reporters.JUnitReportReporter -->
<testsuite skipped="0" hostname="Ali" name="first.api.test.GetRequest" tests="1" failures="0" timestamp="2022-09-10T17:46:04 EDT" time="2.185" errors="0">
  <testcase name="getWeatherCondition" time="2.185" classname="first.api.test.GetRequest"/>
  <system-out/>
</testsuite> <!-- first.api.test.GetRequest -->
