<?xml version="1.0" encoding="UTF-8"?>
<!-- Generated by org.testng.reporters.JUnitReportReporter -->
<testsuite skipped="0" hostname="Ali" name="com.first.api.test.PostRequest" tests="1" failures="0" timestamp="2022-09-22T13:04:19 EDT" time="2.993" errors="0">
  <testcase name="registerNewUser" time="2.993" classname="com.first.api.test.PostRequest"/>
  <system-out/>
</testsuite> <!-- com.first.api.test.PostRequest -->
