<?xml version="1.0" encoding="UTF-8"?>
<!-- Generated by org.testng.reporters.JUnitReportReporter -->
<testsuite skipped="0" hostname="Ali" name="first.api.test.GetReqquestAllHeadersValidation" tests="1" failures="0" timestamp="2022-09-10T20:06:00 EDT" time="2.203" errors="0">
  <testcase name="validateJasonResponseBody" time="2.203" classname="first.api.test.GetReqquestAllHeadersValidation"/>
  <system-out/>
</testsuite> <!-- first.api.test.GetReqquestAllHeadersValidation -->
