<?xml version="1.0" encoding="UTF-8"?>
<!-- Generated by org.testng.reporters.JUnitReportReporter -->
<testsuite skipped="0" hostname="Ali" name="com.datadriventest.DataProvider_NewEntry_DataFromExcelFile" tests="5" failures="0" timestamp="2022-09-22T13:07:36 EDT" time="4.248" errors="0">
  <testcase name="postNewEntry" time="0.468" classname="com.datadriventest.DataProvider_NewEntry_DataFromExcelFile"/>
  <system-out/>
  <testcase name="postNewEntry" time="0.546" classname="com.datadriventest.DataProvider_NewEntry_DataFromExcelFile"/>
  <system-out/>
  <testcase name="postNewEntry" time="0.431" classname="com.datadriventest.DataProvider_NewEntry_DataFromExcelFile"/>
  <system-out/>
  <testcase name="postNewEntry" time="2.147" classname="com.datadriventest.DataProvider_NewEntry_DataFromExcelFile"/>
  <system-out/>
  <testcase name="postNewEntry" time="0.656" classname="com.datadriventest.DataProvider_NewEntry_DataFromExcelFile"/>
  <system-out/>
</testsuite> <!-- com.datadriventest.DataProvider_NewEntry_DataFromExcelFile -->
