<?xml version="1.0" encoding="UTF-8"?>
<!-- Generated by org.testng.reporters.JUnitReportReporter -->
<testsuite skipped="0" hostname="Ali" name="come.datadriventest.DataProvider_NewEntry" tests="3" failures="0" timestamp="2022-09-11T11:35:17 EDT" time="2.941" errors="0">
  <testcase name="postNewEntry" time="0.393" classname="come.datadriventest.DataProvider_NewEntry"/>
  <system-out/>
  <testcase name="postNewEntry" time="2.136" classname="come.datadriventest.DataProvider_NewEntry"/>
  <system-out/>
  <testcase name="postNewEntry" time="0.412" classname="come.datadriventest.DataProvider_NewEntry"/>
  <system-out/>
</testsuite> <!-- come.datadriventest.DataProvider_NewEntry -->
